2025-07-02 23:32:28,337 - __main__ - INFO - ‚úÖ ÿ™ŸÖ ÿ•ÿπÿØÿßÿØ ŸÇÿßÿπÿØÿ© ÿßŸÑÿ®ŸäÿßŸÜÿßÿ™ ÿ®ŸÜÿ¨ÿßÿ≠
2025-07-02 23:32:28,340 - __main__ - INFO - üöÄ ÿ™ŸÖ ÿ™ŸáŸäÿ¶ÿ© ÿ®Ÿàÿ™ SmartCoin ÿ®ŸÜÿ¨ÿßÿ≠
2025-07-02 23:32:30,414 - __main__ - INFO - ü§ñ ÿ®ÿØÿ° ÿ™ÿ¥ÿ∫ŸäŸÑ ÿ®Ÿàÿ™ SmartCoin...
2025-07-02 23:46:32,541 - telegram.ext - ERROR - Network Retry Loop (Bootstrap delete Webhook): Failed run number 153 of 0. Aborting.
Traceback (most recent call last):
  File "C:\Python313\Lib\site-packages\httpx\_transports\default.py", line 101, in map_httpcore_exceptions
    yield
  File "C:\Python313\Lib\site-packages\httpx\_transports\default.py", line 394, in handle_async_request
    resp = await self._pool.handle_async_request(req)
           ^^^^^^^^^^^^^^^^^^^^^^^^^^^^^^^^^^^^^^^^^^
  File "C:\Python313\Lib\site-packages\httpcore\_async\connection_pool.py", line 256, in handle_async_request
    raise exc from None
  File "C:\Python313\Lib\site-packages\httpcore\_async\connection_pool.py", line 236, in handle_async_request
    response = await connection.handle_async_request(
               ^^^^^^^^^^^^^^^^^^^^^^^^^^^^^^^^^^^^^^
        pool_request.request
        ^^^^^^^^^^^^^^^^^^^^
    )
    ^
  File "C:\Python313\Lib\site-packages\httpcore\_async\http_proxy.py", line 288, in handle_async_request
    connect_response = await self._connection.handle_async_request(
                       ^^^^^^^^^^^^^^^^^^^^^^^^^^^^^^^^^^^^^^^^^^^^
        connect_request
        ^^^^^^^^^^^^^^^
    )
    ^
  File "C:\Python313\Lib\site-packages\httpcore\_async\connection.py", line 103, in handle_async_request
    return await self._connection.handle_async_request(request)
           ^^^^^^^^^^^^^^^^^^^^^^^^^^^^^^^^^^^^^^^^^^^^^^^^^^^^
  File "C:\Python313\Lib\site-packages\httpcore\_async\http11.py", line 136, in handle_async_request
    raise exc
  File "C:\Python313\Lib\site-packages\httpcore\_async\http11.py", line 106, in handle_async_request
    ) = await self._receive_response_headers(**kwargs)
        ^^^^^^^^^^^^^^^^^^^^^^^^^^^^^^^^^^^^^^^^^^^^^^
  File "C:\Python313\Lib\site-packages\httpcore\_async\http11.py", line 177, in _receive_response_headers
    event = await self._receive_event(timeout=timeout)
            ^^^^^^^^^^^^^^^^^^^^^^^^^^^^^^^^^^^^^^^^^^
  File "C:\Python313\Lib\site-packages\httpcore\_async\http11.py", line 231, in _receive_event
    raise RemoteProtocolError(msg)
httpcore.RemoteProtocolError: Server disconnected without sending a response.

The above exception was the direct cause of the following exception:

Traceback (most recent call last):
  File "C:\Python313\Lib\site-packages\telegram\request\_httpxrequest.py", line 273, in do_request
    res = await self._client.request(
          ^^^^^^^^^^^^^^^^^^^^^^^^^^^
    ...<6 lines>...
    )
    ^
  File "C:\Python313\Lib\site-packages\httpx\_client.py", line 1540, in request
    return await self.send(request, auth=auth, follow_redirects=follow_redirects)
           ^^^^^^^^^^^^^^^^^^^^^^^^^^^^^^^^^^^^^^^^^^^^^^^^^^^^^^^^^^^^^^^^^^^^^^
  File "C:\Python313\Lib\site-packages\httpx\_client.py", line 1629, in send
    response = await self._send_handling_auth(
               ^^^^^^^^^^^^^^^^^^^^^^^^^^^^^^^
    ...<4 lines>...
    )
    ^
  File "C:\Python313\Lib\site-packages\httpx\_client.py", line 1657, in _send_handling_auth
    response = await self._send_handling_redirects(
               ^^^^^^^^^^^^^^^^^^^^^^^^^^^^^^^^^^^^
    ...<3 lines>...
    )
    ^
  File "C:\Python313\Lib\site-packages\httpx\_client.py", line 1694, in _send_handling_redirects
    response = await self._send_single_request(request)
               ^^^^^^^^^^^^^^^^^^^^^^^^^^^^^^^^^^^^^^^^
  File "C:\Python313\Lib\site-packages\httpx\_client.py", line 1730, in _send_single_request
    response = await transport.handle_async_request(request)
               ^^^^^^^^^^^^^^^^^^^^^^^^^^^^^^^^^^^^^^^^^^^^^
  File "C:\Python313\Lib\site-packages\httpx\_transports\default.py", line 393, in handle_async_request
    with map_httpcore_exceptions():
         ~~~~~~~~~~~~~~~~~~~~~~~^^
  File "C:\Python313\Lib\contextlib.py", line 162, in __exit__
    self.gen.throw(value)
    ~~~~~~~~~~~~~~^^^^^^^
  File "C:\Python313\Lib\site-packages\httpx\_transports\default.py", line 118, in map_httpcore_exceptions
    raise mapped_exc(message) from exc
httpx.RemoteProtocolError: Server disconnected without sending a response.

The above exception was the direct cause of the following exception:

Traceback (most recent call last):
  File "C:\Python313\Lib\site-packages\telegram\ext\_utils\networkloop.py", line 115, in network_retry_loop
    if not await do_action():
           ^^^^^^^^^^^^^^^^^
  File "C:\Python313\Lib\site-packages\telegram\ext\_utils\networkloop.py", line 93, in do_action
    return await action_cb()
           ^^^^^^^^^^^^^^^^^
  File "C:\Python313\Lib\site-packages\telegram\ext\_updater.py", line 685, in bootstrap_del_webhook
    await self.bot.delete_webhook(drop_pending_updates=drop_pending_updates)
  File "C:\Python313\Lib\site-packages\telegram\ext\_extbot.py", line 1479, in delete_webhook
    return await super().delete_webhook(
           ^^^^^^^^^^^^^^^^^^^^^^^^^^^^^
    ...<6 lines>...
    )
    ^
  File "C:\Python313\Lib\site-packages\telegram\_bot.py", line 4782, in delete_webhook
    return await self._post(
           ^^^^^^^^^^^^^^^^^
    ...<7 lines>...
    )
    ^
  File "C:\Python313\Lib\site-packages\telegram\_bot.py", line 697, in _post
    return await self._do_post(
           ^^^^^^^^^^^^^^^^^^^^
    ...<6 lines>...
    )
    ^
  File "C:\Python313\Lib\site-packages\telegram\ext\_extbot.py", line 369, in _do_post
    return await super()._do_post(
           ^^^^^^^^^^^^^^^^^^^^^^^
    ...<6 lines>...
    )
    ^
  File "C:\Python313\Lib\site-packages\telegram\_bot.py", line 726, in _do_post
    result = await request.post(
             ^^^^^^^^^^^^^^^^^^^
    ...<6 lines>...
    )
    ^
  File "C:\Python313\Lib\site-packages\telegram\request\_baserequest.py", line 197, in post
    result = await self._request_wrapper(
             ^^^^^^^^^^^^^^^^^^^^^^^^^^^^
    ...<7 lines>...
    )
    ^
  File "C:\Python313\Lib\site-packages\telegram\request\_baserequest.py", line 304, in _request_wrapper
    code, payload = await self.do_request(
                    ^^^^^^^^^^^^^^^^^^^^^^
    ...<7 lines>...
    )
    ^
  File "C:\Python313\Lib\site-packages\telegram\request\_httpxrequest.py", line 297, in do_request
    raise NetworkError(f"httpx.{err.__class__.__name__}: {err}") from err
telegram.error.NetworkError: httpx.RemoteProtocolError: Server disconnected without sending a response.
2025-07-02 23:46:32,605 - __main__ - ERROR - ‚ùå ÿÆÿ∑ÿ£ ŸÅŸä ÿ™ÿ¥ÿ∫ŸäŸÑ ÿßŸÑÿ®Ÿàÿ™: httpx.RemoteProtocolError: Server disconnected without sending a response.
2025-07-02 23:59:03,075 - __main__ - INFO - ‚úÖ ÿ™ŸÖ ÿ•ÿπÿØÿßÿØ ŸÇÿßÿπÿØÿ© ÿßŸÑÿ®ŸäÿßŸÜÿßÿ™ ÿ®ŸÜÿ¨ÿßÿ≠
2025-07-02 23:59:03,075 - __main__ - INFO - üöÄ ÿ™ŸÖ ÿ™ŸáŸäÿ¶ÿ© ÿ®Ÿàÿ™ SmartCoin ÿ®ŸÜÿ¨ÿßÿ≠
2025-07-02 23:59:03,796 - __main__ - INFO - ü§ñ ÿ®ÿØÿ° ÿ™ÿ¥ÿ∫ŸäŸÑ ÿ®Ÿàÿ™ SmartCoin...
2025-07-02 23:59:06,734 - httpx - INFO - HTTP Request: POST https://api.telegram.org/bot7519072707:AAE-Jn9vGSorlh1OPEkNNQcxQcTYLcfgQjQ/getMe "HTTP/1.1 200 OK"
2025-07-02 23:59:07,207 - httpx - INFO - HTTP Request: POST https://api.telegram.org/bot7519072707:AAE-Jn9vGSorlh1OPEkNNQcxQcTYLcfgQjQ/deleteWebhook "HTTP/1.1 200 OK"
2025-07-02 23:59:07,209 - telegram.ext.Application - INFO - Application started
2025-07-02 23:59:19,297 - httpx - INFO - HTTP Request: POST https://api.telegram.org/bot7519072707:AAE-Jn9vGSorlh1OPEkNNQcxQcTYLcfgQjQ/getUpdates "HTTP/1.1 200 OK"
2025-07-02 23:59:30,793 - httpx - INFO - HTTP Request: POST https://api.telegram.org/bot7519072707:AAE-Jn9vGSorlh1OPEkNNQcxQcTYLcfgQjQ/getUpdates "HTTP/1.1 200 OK"
2025-07-02 23:59:42,658 - httpx - INFO - HTTP Request: POST https://api.telegram.org/bot7519072707:AAE-Jn9vGSorlh1OPEkNNQcxQcTYLcfgQjQ/getUpdates "HTTP/1.1 200 OK"
2025-07-02 23:59:53,127 - httpx - INFO - HTTP Request: POST https://api.telegram.org/bot7519072707:AAE-Jn9vGSorlh1OPEkNNQcxQcTYLcfgQjQ/getUpdates "HTTP/1.1 200 OK"
2025-07-03 00:00:04,628 - httpx - INFO - HTTP Request: POST https://api.telegram.org/bot7519072707:AAE-Jn9vGSorlh1OPEkNNQcxQcTYLcfgQjQ/getUpdates "HTTP/1.1 200 OK"
2025-07-03 00:00:15,393 - httpx - INFO - HTTP Request: POST https://api.telegram.org/bot7519072707:AAE-Jn9vGSorlh1OPEkNNQcxQcTYLcfgQjQ/getUpdates "HTTP/1.1 200 OK"
2025-07-03 00:00:25,874 - httpx - INFO - HTTP Request: POST https://api.telegram.org/bot7519072707:AAE-Jn9vGSorlh1OPEkNNQcxQcTYLcfgQjQ/getUpdates "HTTP/1.1 200 OK"
2025-07-03 00:00:36,339 - httpx - INFO - HTTP Request: POST https://api.telegram.org/bot7519072707:AAE-Jn9vGSorlh1OPEkNNQcxQcTYLcfgQjQ/getUpdates "HTTP/1.1 200 OK"
2025-07-03 00:00:46,812 - httpx - INFO - HTTP Request: POST https://api.telegram.org/bot7519072707:AAE-Jn9vGSorlh1OPEkNNQcxQcTYLcfgQjQ/getUpdates "HTTP/1.1 200 OK"
2025-07-03 00:00:57,290 - httpx - INFO - HTTP Request: POST https://api.telegram.org/bot7519072707:AAE-Jn9vGSorlh1OPEkNNQcxQcTYLcfgQjQ/getUpdates "HTTP/1.1 200 OK"
2025-07-03 00:01:07,769 - httpx - INFO - HTTP Request: POST https://api.telegram.org/bot7519072707:AAE-Jn9vGSorlh1OPEkNNQcxQcTYLcfgQjQ/getUpdates "HTTP/1.1 200 OK"
2025-07-03 00:01:21,522 - httpx - INFO - HTTP Request: POST https://api.telegram.org/bot7519072707:AAE-Jn9vGSorlh1OPEkNNQcxQcTYLcfgQjQ/getUpdates "HTTP/1.1 200 OK"
2025-07-03 00:01:32,003 - httpx - INFO - HTTP Request: POST https://api.telegram.org/bot7519072707:AAE-Jn9vGSorlh1OPEkNNQcxQcTYLcfgQjQ/getUpdates "HTTP/1.1 200 OK"
2025-07-03 00:01:42,484 - httpx - INFO - HTTP Request: POST https://api.telegram.org/bot7519072707:AAE-Jn9vGSorlh1OPEkNNQcxQcTYLcfgQjQ/getUpdates "HTTP/1.1 200 OK"
2025-07-03 00:01:52,976 - httpx - INFO - HTTP Request: POST https://api.telegram.org/bot7519072707:AAE-Jn9vGSorlh1OPEkNNQcxQcTYLcfgQjQ/getUpdates "HTTP/1.1 200 OK"
2025-07-03 00:02:01,800 - httpx - INFO - HTTP Request: POST https://api.telegram.org/bot7519072707:AAE-Jn9vGSorlh1OPEkNNQcxQcTYLcfgQjQ/getUpdates "HTTP/1.1 200 OK"
2025-07-03 00:02:01,801 - telegram.ext.Application - INFO - Application is stopping. This might take a moment.
2025-07-03 00:02:01,801 - telegram.ext.Application - INFO - Application.stop() complete
2025-07-03 00:02:06,213 - __main__ - INFO - ‚úÖ ÿ™ŸÖ ÿ•ÿπÿØÿßÿØ ŸÇÿßÿπÿØÿ© ÿßŸÑÿ®ŸäÿßŸÜÿßÿ™ ÿ®ŸÜÿ¨ÿßÿ≠
2025-07-03 00:02:06,213 - __main__ - INFO - üöÄ ÿ™ŸÖ ÿ™ŸáŸäÿ¶ÿ© ÿ®Ÿàÿ™ SmartCoin ÿ®ŸÜÿ¨ÿßÿ≠
2025-07-03 00:02:06,959 - __main__ - INFO - ü§ñ ÿ®ÿØÿ° ÿ™ÿ¥ÿ∫ŸäŸÑ ÿ®Ÿàÿ™ SmartCoin...
2025-07-03 00:02:09,380 - httpx - INFO - HTTP Request: POST https://api.telegram.org/bot7519072707:AAE-Jn9vGSorlh1OPEkNNQcxQcTYLcfgQjQ/getMe "HTTP/1.1 200 OK"
2025-07-03 00:02:09,818 - httpx - INFO - HTTP Request: POST https://api.telegram.org/bot7519072707:AAE-Jn9vGSorlh1OPEkNNQcxQcTYLcfgQjQ/deleteWebhook "HTTP/1.1 200 OK"
2025-07-03 00:02:09,821 - telegram.ext.Application - INFO - Application started
2025-07-03 00:02:21,284 - httpx - INFO - HTTP Request: POST https://api.telegram.org/bot7519072707:AAE-Jn9vGSorlh1OPEkNNQcxQcTYLcfgQjQ/getUpdates "HTTP/1.1 200 OK"
2025-07-03 00:02:31,758 - httpx - INFO - HTTP Request: POST https://api.telegram.org/bot7519072707:AAE-Jn9vGSorlh1OPEkNNQcxQcTYLcfgQjQ/getUpdates "HTTP/1.1 200 OK"
2025-07-03 00:02:42,257 - httpx - INFO - HTTP Request: POST https://api.telegram.org/bot7519072707:AAE-Jn9vGSorlh1OPEkNNQcxQcTYLcfgQjQ/getUpdates "HTTP/1.1 200 OK"
2025-07-03 00:02:54,049 - httpx - INFO - HTTP Request: POST https://api.telegram.org/bot7519072707:AAE-Jn9vGSorlh1OPEkNNQcxQcTYLcfgQjQ/getUpdates "HTTP/1.1 200 OK"
2025-07-03 00:03:04,524 - httpx - INFO - HTTP Request: POST https://api.telegram.org/bot7519072707:AAE-Jn9vGSorlh1OPEkNNQcxQcTYLcfgQjQ/getUpdates "HTTP/1.1 200 OK"
2025-07-03 00:03:15,845 - httpx - INFO - HTTP Request: POST https://api.telegram.org/bot7519072707:AAE-Jn9vGSorlh1OPEkNNQcxQcTYLcfgQjQ/getUpdates "HTTP/1.1 200 OK"
2025-07-03 00:03:26,373 - httpx - INFO - HTTP Request: POST https://api.telegram.org/bot7519072707:AAE-Jn9vGSorlh1OPEkNNQcxQcTYLcfgQjQ/getUpdates "HTTP/1.1 200 OK"
2025-07-03 00:03:36,934 - httpx - INFO - HTTP Request: POST https://api.telegram.org/bot7519072707:AAE-Jn9vGSorlh1OPEkNNQcxQcTYLcfgQjQ/getUpdates "HTTP/1.1 200 OK"
2025-07-03 00:03:47,441 - httpx - INFO - HTTP Request: POST https://api.telegram.org/bot7519072707:AAE-Jn9vGSorlh1OPEkNNQcxQcTYLcfgQjQ/getUpdates "HTTP/1.1 200 OK"
2025-07-03 00:03:57,946 - httpx - INFO - HTTP Request: POST https://api.telegram.org/bot7519072707:AAE-Jn9vGSorlh1OPEkNNQcxQcTYLcfgQjQ/getUpdates "HTTP/1.1 200 OK"
2025-07-03 00:04:08,434 - httpx - INFO - HTTP Request: POST https://api.telegram.org/bot7519072707:AAE-Jn9vGSorlh1OPEkNNQcxQcTYLcfgQjQ/getUpdates "HTTP/1.1 200 OK"
2025-07-03 00:04:18,914 - httpx - INFO - HTTP Request: POST https://api.telegram.org/bot7519072707:AAE-Jn9vGSorlh1OPEkNNQcxQcTYLcfgQjQ/getUpdates "HTTP/1.1 200 OK"
2025-07-03 00:04:29,392 - httpx - INFO - HTTP Request: POST https://api.telegram.org/bot7519072707:AAE-Jn9vGSorlh1OPEkNNQcxQcTYLcfgQjQ/getUpdates "HTTP/1.1 200 OK"
2025-07-03 00:04:39,872 - httpx - INFO - HTTP Request: POST https://api.telegram.org/bot7519072707:AAE-Jn9vGSorlh1OPEkNNQcxQcTYLcfgQjQ/getUpdates "HTTP/1.1 200 OK"
2025-07-03 00:04:50,343 - httpx - INFO - HTTP Request: POST https://api.telegram.org/bot7519072707:AAE-Jn9vGSorlh1OPEkNNQcxQcTYLcfgQjQ/getUpdates "HTTP/1.1 200 OK"
2025-07-03 00:05:00,818 - httpx - INFO - HTTP Request: POST https://api.telegram.org/bot7519072707:AAE-Jn9vGSorlh1OPEkNNQcxQcTYLcfgQjQ/getUpdates "HTTP/1.1 200 OK"
2025-07-03 00:05:11,267 - httpx - INFO - HTTP Request: POST https://api.telegram.org/bot7519072707:AAE-Jn9vGSorlh1OPEkNNQcxQcTYLcfgQjQ/getUpdates "HTTP/1.1 200 OK"
2025-07-03 00:05:21,713 - httpx - INFO - HTTP Request: POST https://api.telegram.org/bot7519072707:AAE-Jn9vGSorlh1OPEkNNQcxQcTYLcfgQjQ/getUpdates "HTTP/1.1 200 OK"
2025-07-03 00:05:32,932 - httpx - INFO - HTTP Request: POST https://api.telegram.org/bot7519072707:AAE-Jn9vGSorlh1OPEkNNQcxQcTYLcfgQjQ/getUpdates "HTTP/1.1 200 OK"
2025-07-03 00:05:43,403 - httpx - INFO - HTTP Request: POST https://api.telegram.org/bot7519072707:AAE-Jn9vGSorlh1OPEkNNQcxQcTYLcfgQjQ/getUpdates "HTTP/1.1 200 OK"
2025-07-03 00:05:53,865 - httpx - INFO - HTTP Request: POST https://api.telegram.org/bot7519072707:AAE-Jn9vGSorlh1OPEkNNQcxQcTYLcfgQjQ/getUpdates "HTTP/1.1 200 OK"
2025-07-03 00:06:04,340 - httpx - INFO - HTTP Request: POST https://api.telegram.org/bot7519072707:AAE-Jn9vGSorlh1OPEkNNQcxQcTYLcfgQjQ/getUpdates "HTTP/1.1 200 OK"
2025-07-03 00:06:14,857 - httpx - INFO - HTTP Request: POST https://api.telegram.org/bot7519072707:AAE-Jn9vGSorlh1OPEkNNQcxQcTYLcfgQjQ/getUpdates "HTTP/1.1 200 OK"
2025-07-03 00:06:25,334 - httpx - INFO - HTTP Request: POST https://api.telegram.org/bot7519072707:AAE-Jn9vGSorlh1OPEkNNQcxQcTYLcfgQjQ/getUpdates "HTTP/1.1 200 OK"
2025-07-03 00:06:35,812 - httpx - INFO - HTTP Request: POST https://api.telegram.org/bot7519072707:AAE-Jn9vGSorlh1OPEkNNQcxQcTYLcfgQjQ/getUpdates "HTTP/1.1 200 OK"
2025-07-03 00:06:46,271 - httpx - INFO - HTTP Request: POST https://api.telegram.org/bot7519072707:AAE-Jn9vGSorlh1OPEkNNQcxQcTYLcfgQjQ/getUpdates "HTTP/1.1 200 OK"
2025-07-03 00:06:56,751 - httpx - INFO - HTTP Request: POST https://api.telegram.org/bot7519072707:AAE-Jn9vGSorlh1OPEkNNQcxQcTYLcfgQjQ/getUpdates "HTTP/1.1 200 OK"
2025-07-03 00:07:07,231 - httpx - INFO - HTTP Request: POST https://api.telegram.org/bot7519072707:AAE-Jn9vGSorlh1OPEkNNQcxQcTYLcfgQjQ/getUpdates "HTTP/1.1 200 OK"
2025-07-03 00:07:17,724 - httpx - INFO - HTTP Request: POST https://api.telegram.org/bot7519072707:AAE-Jn9vGSorlh1OPEkNNQcxQcTYLcfgQjQ/getUpdates "HTTP/1.1 200 OK"
2025-07-03 00:07:28,219 - httpx - INFO - HTTP Request: POST https://api.telegram.org/bot7519072707:AAE-Jn9vGSorlh1OPEkNNQcxQcTYLcfgQjQ/getUpdates "HTTP/1.1 200 OK"
2025-07-03 00:07:38,702 - httpx - INFO - HTTP Request: POST https://api.telegram.org/bot7519072707:AAE-Jn9vGSorlh1OPEkNNQcxQcTYLcfgQjQ/getUpdates "HTTP/1.1 200 OK"
2025-07-03 00:07:49,185 - httpx - INFO - HTTP Request: POST https://api.telegram.org/bot7519072707:AAE-Jn9vGSorlh1OPEkNNQcxQcTYLcfgQjQ/getUpdates "HTTP/1.1 200 OK"
2025-07-03 00:07:59,692 - httpx - INFO - HTTP Request: POST https://api.telegram.org/bot7519072707:AAE-Jn9vGSorlh1OPEkNNQcxQcTYLcfgQjQ/getUpdates "HTTP/1.1 200 OK"
2025-07-03 00:08:10,205 - httpx - INFO - HTTP Request: POST https://api.telegram.org/bot7519072707:AAE-Jn9vGSorlh1OPEkNNQcxQcTYLcfgQjQ/getUpdates "HTTP/1.1 200 OK"
2025-07-03 00:08:20,725 - httpx - INFO - HTTP Request: POST https://api.telegram.org/bot7519072707:AAE-Jn9vGSorlh1OPEkNNQcxQcTYLcfgQjQ/getUpdates "HTTP/1.1 200 OK"
2025-07-03 00:08:32,303 - httpx - INFO - HTTP Request: POST https://api.telegram.org/bot7519072707:AAE-Jn9vGSorlh1OPEkNNQcxQcTYLcfgQjQ/getUpdates "HTTP/1.1 200 OK"
2025-07-03 00:08:43,534 - httpx - INFO - HTTP Request: POST https://api.telegram.org/bot7519072707:AAE-Jn9vGSorlh1OPEkNNQcxQcTYLcfgQjQ/getUpdates "HTTP/1.1 200 OK"
2025-07-03 00:08:54,107 - httpx - INFO - HTTP Request: POST https://api.telegram.org/bot7519072707:AAE-Jn9vGSorlh1OPEkNNQcxQcTYLcfgQjQ/getUpdates "HTTP/1.1 200 OK"
2025-07-03 00:09:04,606 - httpx - INFO - HTTP Request: POST https://api.telegram.org/bot7519072707:AAE-Jn9vGSorlh1OPEkNNQcxQcTYLcfgQjQ/getUpdates "HTTP/1.1 200 OK"
2025-07-03 00:09:15,968 - httpx - INFO - HTTP Request: POST https://api.telegram.org/bot7519072707:AAE-Jn9vGSorlh1OPEkNNQcxQcTYLcfgQjQ/getUpdates "HTTP/1.1 200 OK"
2025-07-03 00:09:26,710 - httpx - INFO - HTTP Request: POST https://api.telegram.org/bot7519072707:AAE-Jn9vGSorlh1OPEkNNQcxQcTYLcfgQjQ/getUpdates "HTTP/1.1 200 OK"
2025-07-03 00:09:37,629 - httpx - INFO - HTTP Request: POST https://api.telegram.org/bot7519072707:AAE-Jn9vGSorlh1OPEkNNQcxQcTYLcfgQjQ/getUpdates "HTTP/1.1 200 OK"
2025-07-03 00:09:48,157 - httpx - INFO - HTTP Request: POST https://api.telegram.org/bot7519072707:AAE-Jn9vGSorlh1OPEkNNQcxQcTYLcfgQjQ/getUpdates "HTTP/1.1 200 OK"
2025-07-03 00:09:58,667 - httpx - INFO - HTTP Request: POST https://api.telegram.org/bot7519072707:AAE-Jn9vGSorlh1OPEkNNQcxQcTYLcfgQjQ/getUpdates "HTTP/1.1 200 OK"
2025-07-03 00:10:09,148 - httpx - INFO - HTTP Request: POST https://api.telegram.org/bot7519072707:AAE-Jn9vGSorlh1OPEkNNQcxQcTYLcfgQjQ/getUpdates "HTTP/1.1 200 OK"
2025-07-03 00:10:19,641 - httpx - INFO - HTTP Request: POST https://api.telegram.org/bot7519072707:AAE-Jn9vGSorlh1OPEkNNQcxQcTYLcfgQjQ/getUpdates "HTTP/1.1 200 OK"
2025-07-03 00:10:30,111 - httpx - INFO - HTTP Request: POST https://api.telegram.org/bot7519072707:AAE-Jn9vGSorlh1OPEkNNQcxQcTYLcfgQjQ/getUpdates "HTTP/1.1 200 OK"
2025-07-03 00:10:40,838 - httpx - INFO - HTTP Request: POST https://api.telegram.org/bot7519072707:AAE-Jn9vGSorlh1OPEkNNQcxQcTYLcfgQjQ/getUpdates "HTTP/1.1 200 OK"
2025-07-03 00:10:51,340 - httpx - INFO - HTTP Request: POST https://api.telegram.org/bot7519072707:AAE-Jn9vGSorlh1OPEkNNQcxQcTYLcfgQjQ/getUpdates "HTTP/1.1 200 OK"
2025-07-03 00:11:01,851 - httpx - INFO - HTTP Request: POST https://api.telegram.org/bot7519072707:AAE-Jn9vGSorlh1OPEkNNQcxQcTYLcfgQjQ/getUpdates "HTTP/1.1 200 OK"
2025-07-03 00:11:13,114 - httpx - INFO - HTTP Request: POST https://api.telegram.org/bot7519072707:AAE-Jn9vGSorlh1OPEkNNQcxQcTYLcfgQjQ/getUpdates "HTTP/1.1 200 OK"
2025-07-03 00:11:23,613 - httpx - INFO - HTTP Request: POST https://api.telegram.org/bot7519072707:AAE-Jn9vGSorlh1OPEkNNQcxQcTYLcfgQjQ/getUpdates "HTTP/1.1 200 OK"
2025-07-03 00:11:34,143 - httpx - INFO - HTTP Request: POST https://api.telegram.org/bot7519072707:AAE-Jn9vGSorlh1OPEkNNQcxQcTYLcfgQjQ/getUpdates "HTTP/1.1 200 OK"
2025-07-03 00:11:44,638 - httpx - INFO - HTTP Request: POST https://api.telegram.org/bot7519072707:AAE-Jn9vGSorlh1OPEkNNQcxQcTYLcfgQjQ/getUpdates "HTTP/1.1 200 OK"
2025-07-03 00:11:55,152 - httpx - INFO - HTTP Request: POST https://api.telegram.org/bot7519072707:AAE-Jn9vGSorlh1OPEkNNQcxQcTYLcfgQjQ/getUpdates "HTTP/1.1 200 OK"
2025-07-03 00:12:05,668 - httpx - INFO - HTTP Request: POST https://api.telegram.org/bot7519072707:AAE-Jn9vGSorlh1OPEkNNQcxQcTYLcfgQjQ/getUpdates "HTTP/1.1 200 OK"
2025-07-03 00:12:16,152 - httpx - INFO - HTTP Request: POST https://api.telegram.org/bot7519072707:AAE-Jn9vGSorlh1OPEkNNQcxQcTYLcfgQjQ/getUpdates "HTTP/1.1 200 OK"
2025-07-03 00:12:26,653 - httpx - INFO - HTTP Request: POST https://api.telegram.org/bot7519072707:AAE-Jn9vGSorlh1OPEkNNQcxQcTYLcfgQjQ/getUpdates "HTTP/1.1 200 OK"
2025-07-03 00:12:37,150 - httpx - INFO - HTTP Request: POST https://api.telegram.org/bot7519072707:AAE-Jn9vGSorlh1OPEkNNQcxQcTYLcfgQjQ/getUpdates "HTTP/1.1 200 OK"
2025-07-03 00:12:47,620 - httpx - INFO - HTTP Request: POST https://api.telegram.org/bot7519072707:AAE-Jn9vGSorlh1OPEkNNQcxQcTYLcfgQjQ/getUpdates "HTTP/1.1 200 OK"
2025-07-03 00:12:58,105 - httpx - INFO - HTTP Request: POST https://api.telegram.org/bot7519072707:AAE-Jn9vGSorlh1OPEkNNQcxQcTYLcfgQjQ/getUpdates "HTTP/1.1 200 OK"
2025-07-03 00:13:09,643 - httpx - INFO - HTTP Request: POST https://api.telegram.org/bot7519072707:AAE-Jn9vGSorlh1OPEkNNQcxQcTYLcfgQjQ/getUpdates "HTTP/1.1 200 OK"
2025-07-03 00:13:20,138 - httpx - INFO - HTTP Request: POST https://api.telegram.org/bot7519072707:AAE-Jn9vGSorlh1OPEkNNQcxQcTYLcfgQjQ/getUpdates "HTTP/1.1 200 OK"
2025-07-03 00:13:30,634 - httpx - INFO - HTTP Request: POST https://api.telegram.org/bot7519072707:AAE-Jn9vGSorlh1OPEkNNQcxQcTYLcfgQjQ/getUpdates "HTTP/1.1 200 OK"
2025-07-03 00:13:41,142 - httpx - INFO - HTTP Request: POST https://api.telegram.org/bot7519072707:AAE-Jn9vGSorlh1OPEkNNQcxQcTYLcfgQjQ/getUpdates "HTTP/1.1 200 OK"
2025-07-03 00:13:51,690 - httpx - INFO - HTTP Request: POST https://api.telegram.org/bot7519072707:AAE-Jn9vGSorlh1OPEkNNQcxQcTYLcfgQjQ/getUpdates "HTTP/1.1 200 OK"
2025-07-03 00:14:02,339 - httpx - INFO - HTTP Request: POST https://api.telegram.org/bot7519072707:AAE-Jn9vGSorlh1OPEkNNQcxQcTYLcfgQjQ/getUpdates "HTTP/1.1 200 OK"
2025-07-03 00:14:12,824 - httpx - INFO - HTTP Request: POST https://api.telegram.org/bot7519072707:AAE-Jn9vGSorlh1OPEkNNQcxQcTYLcfgQjQ/getUpdates "HTTP/1.1 200 OK"
2025-07-03 00:14:23,338 - httpx - INFO - HTTP Request: POST https://api.telegram.org/bot7519072707:AAE-Jn9vGSorlh1OPEkNNQcxQcTYLcfgQjQ/getUpdates "HTTP/1.1 200 OK"
2025-07-03 00:14:33,833 - httpx - INFO - HTTP Request: POST https://api.telegram.org/bot7519072707:AAE-Jn9vGSorlh1OPEkNNQcxQcTYLcfgQjQ/getUpdates "HTTP/1.1 200 OK"
2025-07-03 00:14:44,336 - httpx - INFO - HTTP Request: POST https://api.telegram.org/bot7519072707:AAE-Jn9vGSorlh1OPEkNNQcxQcTYLcfgQjQ/getUpdates "HTTP/1.1 200 OK"
2025-07-03 00:14:54,841 - httpx - INFO - HTTP Request: POST https://api.telegram.org/bot7519072707:AAE-Jn9vGSorlh1OPEkNNQcxQcTYLcfgQjQ/getUpdates "HTTP/1.1 200 OK"
2025-07-03 00:15:05,342 - httpx - INFO - HTTP Request: POST https://api.telegram.org/bot7519072707:AAE-Jn9vGSorlh1OPEkNNQcxQcTYLcfgQjQ/getUpdates "HTTP/1.1 200 OK"
2025-07-03 00:15:15,851 - httpx - INFO - HTTP Request: POST https://api.telegram.org/bot7519072707:AAE-Jn9vGSorlh1OPEkNNQcxQcTYLcfgQjQ/getUpdates "HTTP/1.1 200 OK"
2025-07-03 00:15:26,340 - httpx - INFO - HTTP Request: POST https://api.telegram.org/bot7519072707:AAE-Jn9vGSorlh1OPEkNNQcxQcTYLcfgQjQ/getUpdates "HTTP/1.1 200 OK"
2025-07-03 00:15:37,547 - httpx - INFO - HTTP Request: POST https://api.telegram.org/bot7519072707:AAE-Jn9vGSorlh1OPEkNNQcxQcTYLcfgQjQ/getUpdates "HTTP/1.1 200 OK"
2025-07-03 00:15:48,770 - httpx - INFO - HTTP Request: POST https://api.telegram.org/bot7519072707:AAE-Jn9vGSorlh1OPEkNNQcxQcTYLcfgQjQ/getUpdates "HTTP/1.1 200 OK"
2025-07-03 00:15:59,271 - httpx - INFO - HTTP Request: POST https://api.telegram.org/bot7519072707:AAE-Jn9vGSorlh1OPEkNNQcxQcTYLcfgQjQ/getUpdates "HTTP/1.1 200 OK"
2025-07-03 00:16:09,798 - httpx - INFO - HTTP Request: POST https://api.telegram.org/bot7519072707:AAE-Jn9vGSorlh1OPEkNNQcxQcTYLcfgQjQ/getUpdates "HTTP/1.1 200 OK"
2025-07-03 00:16:21,007 - httpx - INFO - HTTP Request: POST https://api.telegram.org/bot7519072707:AAE-Jn9vGSorlh1OPEkNNQcxQcTYLcfgQjQ/getUpdates "HTTP/1.1 200 OK"
2025-07-03 00:16:31,521 - httpx - INFO - HTTP Request: POST https://api.telegram.org/bot7519072707:AAE-Jn9vGSorlh1OPEkNNQcxQcTYLcfgQjQ/getUpdates "HTTP/1.1 200 OK"
2025-07-03 00:16:42,033 - httpx - INFO - HTTP Request: POST https://api.telegram.org/bot7519072707:AAE-Jn9vGSorlh1OPEkNNQcxQcTYLcfgQjQ/getUpdates "HTTP/1.1 200 OK"
2025-07-03 00:16:52,513 - httpx - INFO - HTTP Request: POST https://api.telegram.org/bot7519072707:AAE-Jn9vGSorlh1OPEkNNQcxQcTYLcfgQjQ/getUpdates "HTTP/1.1 200 OK"
2025-07-03 00:17:03,012 - httpx - INFO - HTTP Request: POST https://api.telegram.org/bot7519072707:AAE-Jn9vGSorlh1OPEkNNQcxQcTYLcfgQjQ/getUpdates "HTTP/1.1 200 OK"
2025-07-03 00:17:13,518 - httpx - INFO - HTTP Request: POST https://api.telegram.org/bot7519072707:AAE-Jn9vGSorlh1OPEkNNQcxQcTYLcfgQjQ/getUpdates "HTTP/1.1 200 OK"
2025-07-03 00:17:24,025 - httpx - INFO - HTTP Request: POST https://api.telegram.org/bot7519072707:AAE-Jn9vGSorlh1OPEkNNQcxQcTYLcfgQjQ/getUpdates "HTTP/1.1 200 OK"
2025-07-03 00:17:34,515 - httpx - INFO - HTTP Request: POST https://api.telegram.org/bot7519072707:AAE-Jn9vGSorlh1OPEkNNQcxQcTYLcfgQjQ/getUpdates "HTTP/1.1 200 OK"
2025-07-03 00:17:45,724 - httpx - INFO - HTTP Request: POST https://api.telegram.org/bot7519072707:AAE-Jn9vGSorlh1OPEkNNQcxQcTYLcfgQjQ/getUpdates "HTTP/1.1 200 OK"
2025-07-03 00:17:56,216 - httpx - INFO - HTTP Request: POST https://api.telegram.org/bot7519072707:AAE-Jn9vGSorlh1OPEkNNQcxQcTYLcfgQjQ/getUpdates "HTTP/1.1 200 OK"
2025-07-03 00:18:06,719 - httpx - INFO - HTTP Request: POST https://api.telegram.org/bot7519072707:AAE-Jn9vGSorlh1OPEkNNQcxQcTYLcfgQjQ/getUpdates "HTTP/1.1 200 OK"
2025-07-03 00:18:17,218 - httpx - INFO - HTTP Request: POST https://api.telegram.org/bot7519072707:AAE-Jn9vGSorlh1OPEkNNQcxQcTYLcfgQjQ/getUpdates "HTTP/1.1 200 OK"
2025-07-03 00:18:27,697 - httpx - INFO - HTTP Request: POST https://api.telegram.org/bot7519072707:AAE-Jn9vGSorlh1OPEkNNQcxQcTYLcfgQjQ/getUpdates "HTTP/1.1 200 OK"
2025-07-03 00:18:38,197 - httpx - INFO - HTTP Request: POST https://api.telegram.org/bot7519072707:AAE-Jn9vGSorlh1OPEkNNQcxQcTYLcfgQjQ/getUpdates "HTTP/1.1 200 OK"
2025-07-03 00:18:48,662 - httpx - INFO - HTTP Request: POST https://api.telegram.org/bot7519072707:AAE-Jn9vGSorlh1OPEkNNQcxQcTYLcfgQjQ/getUpdates "HTTP/1.1 200 OK"
2025-07-03 00:18:59,182 - httpx - INFO - HTTP Request: POST https://api.telegram.org/bot7519072707:AAE-Jn9vGSorlh1OPEkNNQcxQcTYLcfgQjQ/getUpdates "HTTP/1.1 200 OK"
2025-07-03 00:19:09,703 - httpx - INFO - HTTP Request: POST https://api.telegram.org/bot7519072707:AAE-Jn9vGSorlh1OPEkNNQcxQcTYLcfgQjQ/getUpdates "HTTP/1.1 200 OK"
2025-07-03 00:19:21,198 - httpx - INFO - HTTP Request: POST https://api.telegram.org/bot7519072707:AAE-Jn9vGSorlh1OPEkNNQcxQcTYLcfgQjQ/getUpdates "HTTP/1.1 200 OK"
2025-07-03 00:19:31,689 - httpx - INFO - HTTP Request: POST https://api.telegram.org/bot7519072707:AAE-Jn9vGSorlh1OPEkNNQcxQcTYLcfgQjQ/getUpdates "HTTP/1.1 200 OK"
2025-07-03 00:19:42,843 - httpx - INFO - HTTP Request: POST https://api.telegram.org/bot7519072707:AAE-Jn9vGSorlh1OPEkNNQcxQcTYLcfgQjQ/getUpdates "HTTP/1.1 200 OK"
2025-07-03 00:19:53,306 - httpx - INFO - HTTP Request: POST https://api.telegram.org/bot7519072707:AAE-Jn9vGSorlh1OPEkNNQcxQcTYLcfgQjQ/getUpdates "HTTP/1.1 200 OK"
2025-07-03 00:20:05,357 - httpx - INFO - HTTP Request: POST https://api.telegram.org/bot7519072707:AAE-Jn9vGSorlh1OPEkNNQcxQcTYLcfgQjQ/getUpdates "HTTP/1.1 200 OK"
2025-07-03 00:20:15,866 - httpx - INFO - HTTP Request: POST https://api.telegram.org/bot7519072707:AAE-Jn9vGSorlh1OPEkNNQcxQcTYLcfgQjQ/getUpdates "HTTP/1.1 200 OK"
2025-07-03 00:20:26,349 - httpx - INFO - HTTP Request: POST https://api.telegram.org/bot7519072707:AAE-Jn9vGSorlh1OPEkNNQcxQcTYLcfgQjQ/getUpdates "HTTP/1.1 200 OK"
2025-07-03 00:20:33,510 - httpx - INFO - HTTP Request: POST https://api.telegram.org/bot7519072707:AAE-Jn9vGSorlh1OPEkNNQcxQcTYLcfgQjQ/getUpdates "HTTP/1.1 200 OK"
2025-07-03 00:20:33,511 - telegram.ext.Application - INFO - Application is stopping. This might take a moment.
2025-07-03 00:20:33,511 - telegram.ext.Application - INFO - Application.stop() complete
